ApiDemos4.4/app/build/outputs/logs/manifest-merger-debug-report.txt
-- Merging decision tree log ---
manifest
ADDED from src\main\AndroidManifest.xml:22:1-3015:12
	package
		ADDED from src\main\AndroidManifest.xml:23:5-39
		INJECTED from src\main\AndroidManifest.xml
		INJECTED from src\main\AndroidManifest.xml
	xmlns:android
		ADDED from src\main\AndroidManifest.xml:22:11-69
uses-permission#android.permission.READ_CONTACTS
ADDED from src\main\AndroidManifest.xml:25:5-72
	android:name
		ADDED from src\main\AndroidManifest.xml:25:22-69
uses-permission#android.permission.WRITE_CONTACTS
ADDED from src\main\AndroidManifest.xml:26:5-73
	android:name
		ADDED from src\main\AndroidManifest.xml:26:22-70
uses-permission#android.permission.VIBRATE
ADDED from src\main\AndroidManifest.xml:27:5-66
	android:name
		ADDED from src\main\AndroidManifest.xml:27:22-63
uses-permission#android.permission.ACCESS_COARSE_LOCATION
ADDED from src\main\AndroidManifest.xml:28:5-81
	android:name
		ADDED from src\main\AndroidManifest.xml:28:22-78
uses-permission#android.permission.INTERNET
ADDED from src\main\AndroidManifest.xml:29:5-67
	android:name
		ADDED from src\main\AndroidManifest.xml:29:22-64
uses-permission#android.permission.SET_WALLPAPER
ADDED from src\main\AndroidManifest.xml:30:5-72
	android:name
		ADDED from src\main\AndroidManifest.xml:30:22-69
uses-permission#android.permission.WRITE_EXTERNAL_STORAGE
ADDED from src\main\AndroidManifest.xml:31:5-81
	android:name
		ADDED from src\main\AndroidManifest.xml:31:22-78
uses-permission#android.permission.SEND_SMS
ADDED from src\main\AndroidManifest.xml:32:5-67
	android:name
		ADDED from src\main\AndroidManifest.xml:32:22-64
uses-permission#android.permission.RECEIVE_SMS
ADDED from src\main\AndroidManifest.xml:33:5-70
	android:name
		ADDED from src\main\AndroidManifest.xml:33:22-67
uses-permission#android.permission.NFC
ADDED from src\main\AndroidManifest.xml:34:5-62
	android:name
		ADDED from src\main\AndroidManifest.xml:34:22-59
uses-permission#android.permission.TRANSMIT_IR
ADDED from src\main\AndroidManifest.xml:35:5-70
	android:name
		ADDED from src\main\AndroidManifest.xml:35:22-67
uses-permission#android.permission.RECORD_AUDIO
ADDED from src\main\AndroidManifest.xml:38:5-71
	android:name
		ADDED from src\main\AndroidManifest.xml:38:22-68
uses-sdk
ADDED from src\main\AndroidManifest.xml:40:5-73
MERGED from [com.android.support:design:25.2.0] AndroidManifest.xml:21:5-23:62
MERGED from [com.android.support:appcompat-v7:25.2.0] AndroidManifest.xml:21:5-23:78
MERGED from [com.android.support:animated-vector-drawable:25.2.0] AndroidManifest.xml:20:5-44
MERGED from [com.android.support:support-vector-drawable:25.2.0] AndroidManifest.xml:21:5-43
MERGED from [com.android.support:recyclerview-v7:25.2.0] AndroidManifest.xml:20:5-43
MERGED from [com.android.support:transition:25.2.0] AndroidManifest.xml:20:5-44
MERGED from [com.android.support:support-v4:25.2.0] AndroidManifest.xml:21:5-23:54
MERGED from [com.android.support:support-fragment:25.2.0] AndroidManifest.xml:21:5-23:60
MERGED from [com.android.support:support-media-compat:25.2.0] AndroidManifest.xml:21:5-23:63
MERGED from [com.android.support:support-core-ui:25.2.0] AndroidManifest.xml:21:5-23:58
MERGED from [com.android.support:support-core-utils:25.2.0] AndroidManifest.xml:21:5-23:61
MERGED from [com.android.support:support-compat:25.2.0] AndroidManifest.xml:21:5-23:58
	tools:overrideLibrary
		ADDED from [com.android.support:design:25.2.0] AndroidManifest.xml:23:9-59
	android:targetSdkVersion
		ADDED from src\main\AndroidManifest.xml:40:41-70
		INJECTED from src\main\AndroidManifest.xml
		INJECTED from src\main\AndroidManifest.xml
	android:minSdkVersion
		ADDED from src\main\AndroidManifest.xml:40:15-40
		INJECTED from src\main\AndroidManifest.xml
		INJECTED from src\main\AndroidManifest.xml
uses-permission#android.permission.CAMERA
ADDED from src\main\AndroidManifest.xml:44:5-65
	android:name
		ADDED from src\main\AndroidManifest.xml:44:22-62
uses-feature#android.hardware.camera
ADDED from src\main\AndroidManifest.xml:45:5-60
	android:name
		ADDED from src\main\AndroidManifest.xml:45:19-57
uses-feature#android.hardware.camera.autofocus
ADDED from src\main\AndroidManifest.xml:46:5-95
	android:required
		ADDED from src\main\AndroidManifest.xml:46:68-92
	android:name
		ADDED from src\main\AndroidManifest.xml:46:19-67
application
ADDED from src\main\AndroidManifest.xml:48:5-3009:19
MERGED from [com.android.support:design:25.2.0] AndroidManifest.xml:25:5-20
MERGED from [com.android.support:appcompat-v7:25.2.0] AndroidManifest.xml:25:5-20
MERGED from [com.android.support:animated-vector-drawable:25.2.0] AndroidManifest.xml:22:5-20
MERGED from [com.android.support:support-vector-drawable:25.2.0] AndroidManifest.xml:23:5-20
MERGED from [com.android.support:transition:25.2.0] AndroidManifest.xml:22:5-20
MERGED from [com.android.support:support-v4:25.2.0] AndroidManifest.xml:25:5-20
MERGED from [com.android.support:support-fragment:25.2.0] AndroidManifest.xml:25:5-20
MERGED from [com.android.support:support-media-compat:25.2.0] AndroidManifest.xml:25:5-20
MERGED from [com.android.support:support-core-ui:25.2.0] AndroidManifest.xml:25:5-20
MERGED from [com.android.support:support-core-utils:25.2.0] AndroidManifest.xml:25:5-20
MERGED from [com.android.support:support-compat:25.2.0] AndroidManifest.xml:25:5-20
	android:label
		ADDED from src\main\AndroidManifest.xml:49:13-57
	android:supportsRtl
		ADDED from src\main\AndroidManifest.xml:52:13-39
	android:hardwareAccelerated
		ADDED from src\main\AndroidManifest.xml:51:13-47
	android:icon
		ADDED from src\main\AndroidManifest.xml:50:13-53
	android:name
		ADDED from src\main\AndroidManifest.xml:48:18-52
uses-library#com.example.will.never.exist
ADDED from src\main\AndroidManifest.xml:56:9-94
	android:required
		ADDED from src\main\AndroidManifest.xml:56:67-91
	android:name
		ADDED from src\main\AndroidManifest.xml:56:23-66
activity#com.example.android.apis.ApiDemos
ADDED from src\main\AndroidManifest.xml:58:9-64:20
	android:name
		ADDED from src\main\AndroidManifest.xml:58:19-42
intent-filter#android.intent.action.MAIN+android.intent.category.DEFAULT+android.intent.category.LAUNCHER
ADDED from src\main\AndroidManifest.xml:59:13-63:29
action#android.intent.action.MAIN
ADDED from src\main\AndroidManifest.xml:60:17-69
	android:name
		ADDED from src\main\AndroidManifest.xml:60:25-66
category#android.intent.category.DEFAULT
ADDED from src\main\AndroidManifest.xml:61:17-76
	android:name
		ADDED from src\main\AndroidManifest.xml:61:27-73
category#android.intent.category.LAUNCHER
ADDED from src\main\AndroidManifest.xml:62:17-77
	android:name
		ADDED from src\main\AndroidManifest.xml:62:27-74
activity#com.example.android.apis.app.HelloWorld
ADDED from src\main\AndroidManifest.xml:72:9-77:20
	android:label
		ADDED from src\main\AndroidManifest.xml:72:50-94
	android:name
		ADDED from src\main\AndroidManifest.xml:72:19-49
intent-filter#android.intent.action.MAIN+android.intent.category.SAMPLE_CODE
ADDED from src\main\AndroidManifest.xml:73:13-76:29
category#android.intent.category.SAMPLE_CODE
ADDED from src\main\AndroidManifest.xml:75:17-80
	android:name
		ADDED from src\main\AndroidManifest.xml:75:27-77
activity#com.example.android.apis.app.DialogActivity
ADDED from src\main\AndroidManifest.xml:79:9-86:20
	android:label
		ADDED from src\main\AndroidManifest.xml:80:17-56
	android:theme
		ADDED from src\main\AndroidManifest.xml:81:17-65
	android:name
		ADDED from src\main\AndroidManifest.xml:79:19-53
activity#com.example.android.apis.app.CustomDialogActivity
ADDED from src\main\AndroidManifest.xml:88:9-95:20
	android:label
		ADDED from src\main\AndroidManifest.xml:89:17-63
	android:theme
		ADDED from src\main\AndroidManifest.xml:90:17-58
	android:name
		ADDED from src\main\AndroidManifest.xml:88:19-59
activity#com.example.android.apis.app.OverscanActivity
ADDED from src\main\AndroidManifest.xml:97:9-105:20
	android:enabled
		ADDED from src\main\AndroidManifest.xml:100:17-60
	android:label
		ADDED from src\main\AndroidManifest.xml:98:17-58
	android:theme
		ADDED from src\main\AndroidManifest.xml:99:17-79
	android:name
		ADDED from src\main\AndroidManifest.xml:97:19-55
activity#com.example.android.apis.app.QuickContactsDemo
ADDED from src\main\AndroidManifest.xml:107:8-113:20
	android:label
		ADDED from src\main\AndroidManifest.xml:108:17-60
	android:name
		ADDED from src\main\AndroidManifest.xml:107:18-55
activity#com.example.android.apis.app.WallpaperActivity
ADDED from src\main\AndroidManifest.xml:115:9-122:20
	android:label
		ADDED from src\main\AndroidManifest.xml:116:17-59
	android:theme
		ADDED from src\main\AndroidManifest.xml:117:17-55
	android:name
		ADDED from src\main\AndroidManifest.xml:115:19-56
activity#com.example.android.apis.app.TranslucentActivity
ADDED from src\main\AndroidManifest.xml:124:9-131:20
	android:label
		ADDED from src\main\AndroidManifest.xml:125:17-61
	android:theme
		ADDED from src\main\AndroidManifest.xml:126:17-57
	android:name
		ADDED from src\main\AndroidManifest.xml:124:19-58
activity#com.example.android.apis.app.TranslucentBlurActivity
ADDED from src\main\AndroidManifest.xml:133:9-140:20
	android:label
		ADDED from src\main\AndroidManifest.xml:134:17-66
	android:theme
		ADDED from src\main\AndroidManifest.xml:135:17-57
	android:name
		ADDED from src\main\AndroidManifest.xml:133:19-62
activity#com.example.android.apis.app.Animation
ADDED from src\main\AndroidManifest.xml:142:9-147:20
	android:label
		ADDED from src\main\AndroidManifest.xml:142:49-91
	android:name
		ADDED from src\main\AndroidManifest.xml:142:19-48
activity#com.example.android.apis.app.SaveRestoreState
ADDED from src\main\AndroidManifest.xml:149:9-156:20
	android:label
		ADDED from src\main\AndroidManifest.xml:150:17-62
	android:windowSoftInputMode
		ADDED from src\main\AndroidManifest.xml:151:17-72
	android:name
		ADDED from src\main\AndroidManifest.xml:149:19-55
activity#com.example.android.apis.app.PersistentState
ADDED from src\main\AndroidManifest.xml:158:9-165:20
	android:label
		ADDED from src\main\AndroidManifest.xml:159:17-60
	android:windowSoftInputMode
		ADDED from src\main\AndroidManifest.xml:160:17-72
	android:name
		ADDED from src\main\AndroidManifest.xml:158:19-54
activity#com.example.android.apis.app.ActivityRecreate
ADDED from src\main\AndroidManifest.xml:167:9-174:20
	android:enabled
		ADDED from src\main\AndroidManifest.xml:169:17-57
	android:label
		ADDED from src\main\AndroidManifest.xml:168:17-58
	android:name
		ADDED from src\main\AndroidManifest.xml:167:19-55
activity#com.example.android.apis.app.FinishAffinity
ADDED from src\main\AndroidManifest.xml:176:9-184:20
	android:enabled
		ADDED from src\main\AndroidManifest.xml:179:17-57
	android:label
		ADDED from src\main\AndroidManifest.xml:177:17-65
	android:taskAffinity
		ADDED from src\main\AndroidManifest.xml:178:17-50
	android:name
		ADDED from src\main\AndroidManifest.xml:176:19-53
activity#com.example.android.apis.app.SoftInputModes
ADDED from src\main\AndroidManifest.xml:186:9-192:20
	android:label
		ADDED from src\main\AndroidManifest.xml:187:17-57
	android:name
		ADDED from src\main\AndroidManifest.xml:186:19-53
activity#com.example.android.apis.app.ReceiveResult
ADDED from src\main\AndroidManifest.xml:194:9-199:20
	android:label
		ADDED from src\main\AndroidManifest.xml:194:53-100
	android:name
		ADDED from src\main\AndroidManifest.xml:194:19-52
activity#com.example.android.apis.app.SendResult
ADDED from src\main\AndroidManifest.xml:201:9-203:20
	android:theme
		ADDED from src\main\AndroidManifest.xml:202:17-60
	android:name
		ADDED from src\main\AndroidManifest.xml:201:19-49
activity#com.example.android.apis.app.Forwarding
ADDED from src\main\AndroidManifest.xml:205:9-210:20
	android:label
		ADDED from src\main\AndroidManifest.xml:205:50-93
	android:name
		ADDED from src\main\AndroidManifest.xml:205:19-49
activity#com.example.android.apis.app.ForwardTarget
ADDED from src\main\AndroidManifest.xml:212:9-213:20
	android:name
		ADDED from src\main\AndroidManifest.xml:212:19-52
activity#com.example.android.apis.app.RedirectEnter
ADDED from src\main\AndroidManifest.xml:215:9-220:20
	android:label
		ADDED from src\main\AndroidManifest.xml:215:53-94
	android:name
		ADDED from src\main\AndroidManifest.xml:215:19-52
activity#com.example.android.apis.app.RedirectMain
ADDED from src\main\AndroidManifest.xml:222:9-223:20
	android:name
		ADDED from src\main\AndroidManifest.xml:222:19-51
activity#com.example.android.apis.app.RedirectGetter
ADDED from src\main\AndroidManifest.xml:225:9-226:20
	android:name
		ADDED from src\main\AndroidManifest.xml:225:19-53
activity#com.example.android.apis.app.CustomTitle
ADDED from src\main\AndroidManifest.xml:230:9-238:20
	android:label
		ADDED from src\main\AndroidManifest.xml:231:17-62
	android:windowSoftInputMode
		ADDED from src\main\AndroidManifest.xml:232:17-69
	android:theme
		ADDED from src\main\AndroidManifest.xml:233:17-53
	android:name
		ADDED from src\main\AndroidManifest.xml:230:19-50
activity#com.example.android.apis.app.ReorderOnLaunch
ADDED from src\main\AndroidManifest.xml:240:9-246:20
	android:label
		ADDED from src\main\AndroidManifest.xml:241:17-57
	android:name
		ADDED from src\main\AndroidManifest.xml:240:19-54
activity#com.example.android.apis.app.RotationAnimation
ADDED from src\main\AndroidManifest.xml:248:9-254:20
	android:label
		ADDED from src\main\AndroidManifest.xml:249:17-68
	android:name
		ADDED from src\main\AndroidManifest.xml:248:19-56
activity#com.example.android.apis.app.ReorderTwo
ADDED from src\main\AndroidManifest.xml:256:9-52
	android:name
		ADDED from src\main\AndroidManifest.xml:256:19-49
activity#com.example.android.apis.app.ReorderThree
ADDED from src\main\AndroidManifest.xml:257:9-54
	android:name
		ADDED from src\main\AndroidManifest.xml:257:19-51
activity#com.example.android.apis.app.ReorderFour
ADDED from src\main\AndroidManifest.xml:258:9-53
	android:name
		ADDED from src\main\AndroidManifest.xml:258:19-50
activity#com.example.android.apis.app.SetWallpaperActivity
ADDED from src\main\AndroidManifest.xml:260:9-266:20
	android:label
		ADDED from src\main\AndroidManifest.xml:261:19-64
	android:name
		ADDED from src\main\AndroidManifest.xml:260:19-59
activity#com.example.android.apis.app.ScreenOrientation
ADDED from src\main\AndroidManifest.xml:268:9-274:20
	android:label
		ADDED from src\main\AndroidManifest.xml:269:19-70
	android:name
		ADDED from src\main\AndroidManifest.xml:268:19-56
activity#com.example.android.apis.app.PresentationActivity
ADDED from src\main\AndroidManifest.xml:276:9-282:20
	android:label
		ADDED from src\main\AndroidManifest.xml:277:17-62
	android:name
		ADDED from src\main\AndroidManifest.xml:276:19-59
activity#com.example.android.apis.app.PresentationWithMediaRouterActivity
ADDED from src\main\AndroidManifest.xml:284:9-290:20
	android:label
		ADDED from src\main\AndroidManifest.xml:285:17-80
	android:name
		ADDED from src\main\AndroidManifest.xml:284:19-74
activity#com.example.android.apis.app.SecureWindowActivity
ADDED from src\main\AndroidManifest.xml:292:9-298:20
	android:label
		ADDED from src\main\AndroidManifest.xml:293:17-63
	android:name
		ADDED from src\main\AndroidManifest.xml:292:19-59
activity#com.example.android.apis.app.SecureDialogActivity
ADDED from src\main\AndroidManifest.xml:300:9-306:20
	android:label
		ADDED from src\main\AndroidManifest.xml:301:17-63
	android:name
		ADDED from src\main\AndroidManifest.xml:300:19-59
activity#com.example.android.apis.app.SecureSurfaceViewActivity
ADDED from src\main\AndroidManifest.xml:308:9-314:20
	android:label
		ADDED from src\main\AndroidManifest.xml:309:17-69
	android:name
		ADDED from src\main\AndroidManifest.xml:308:19-64
activity#com.example.android.apis.app.FragmentAlertDialog
ADDED from src\main\AndroidManifest.xml:318:9-325:20
	android:enabled
		ADDED from src\main\AndroidManifest.xml:320:17-57
	android:label
		ADDED from src\main\AndroidManifest.xml:319:17-62
	android:name
		ADDED from src\main\AndroidManifest.xml:318:19-58
activity#com.example.android.apis.app.FragmentArguments
ADDED from src\main\AndroidManifest.xml:327:9-334:20
	android:enabled
		ADDED from src\main\AndroidManifest.xml:329:17-57
	android:label
		ADDED from src\main\AndroidManifest.xml:328:17-59
	android:name
		ADDED from src\main\AndroidManifest.xml:327:19-56
activity#com.example.android.apis.app.FragmentCustomAnimations
ADDED from src\main\AndroidManifest.xml:336:9-343:20
	android:enabled
		ADDED from src\main\AndroidManifest.xml:338:17-60
	android:label
		ADDED from src\main\AndroidManifest.xml:337:17-67
	android:name
		ADDED from src\main\AndroidManifest.xml:336:19-63
activity#com.example.android.apis.app.FragmentHideShow
ADDED from src\main\AndroidManifest.xml:345:9-353:20
	android:enabled
		ADDED from src\main\AndroidManifest.xml:348:17-57
	android:label
		ADDED from src\main\AndroidManifest.xml:346:17-59
	android:windowSoftInputMode
		ADDED from src\main\AndroidManifest.xml:347:17-61
	android:name
		ADDED from src\main\AndroidManifest.xml:345:19-55
activity#com.example.android.apis.app.FragmentContextMenu
ADDED from src\main\AndroidManifest.xml:355:9-362:20
	android:enabled
		ADDED from src\main\AndroidManifest.xml:357:17-57
	android:label
		ADDED from src\main\AndroidManifest.xml:356:17-62
	android:name
		ADDED from src\main\AndroidManifest.xml:355:19-58
activity#com.example.android.apis.app.FragmentDialog
ADDED from src\main\AndroidManifest.xml:364:9-371:20
	android:enabled
		ADDED from src\main\AndroidManifest.xml:366:17-57
	android:label
		ADDED from src\main\AndroidManifest.xml:365:17-56
	android:name
		ADDED from src\main\AndroidManifest.xml:364:19-53
activity#com.example.android.apis.app.FragmentDialogOrActivity
ADDED from src\main\AndroidManifest.xml:373:9-380:20
	android:enabled
		ADDED from src\main\AndroidManifest.xml:375:17-57
	android:label
		ADDED from src\main\AndroidManifest.xml:374:17-68
	android:name
		ADDED from src\main\AndroidManifest.xml:373:19-63
activity#com.example.android.apis.app.FragmentLayout
ADDED from src\main\AndroidManifest.xml:382:9-389:20
	android:enabled
		ADDED from src\main\AndroidManifest.xml:384:17-57
	android:label
		ADDED from src\main\AndroidManifest.xml:383:17-56
	android:name
		ADDED from src\main\AndroidManifest.xml:382:19-53
activity#com.example.android.apis.app.FragmentLayout$DetailsActivity
ADDED from src\main\AndroidManifest.xml:391:9-392:60
	android:enabled
		ADDED from src\main\AndroidManifest.xml:392:17-57
	android:name
		ADDED from src\main\AndroidManifest.xml:391:19-69
activity#com.example.android.apis.app.FragmentListArray
ADDED from src\main\AndroidManifest.xml:394:9-401:20
	android:enabled
		ADDED from src\main\AndroidManifest.xml:396:17-57
	android:label
		ADDED from src\main\AndroidManifest.xml:395:17-60
	android:name
		ADDED from src\main\AndroidManifest.xml:394:19-56
activity#com.example.android.apis.app.FragmentMenu
ADDED from src\main\AndroidManifest.xml:403:9-410:20
	android:enabled
		ADDED from src\main\AndroidManifest.xml:405:17-57
	android:label
		ADDED from src\main\AndroidManifest.xml:404:17-54
	android:name
		ADDED from src\main\AndroidManifest.xml:403:19-51
activity#com.example.android.apis.app.FragmentNestingTabs
ADDED from src\main\AndroidManifest.xml:412:9-419:20
	android:enabled
		ADDED from src\main\AndroidManifest.xml:414:17-60
	android:label
		ADDED from src\main\AndroidManifest.xml:413:17-62
	android:name
		ADDED from src\main\AndroidManifest.xml:412:19-58
activity#com.example.android.apis.app.FragmentRetainInstance
ADDED from src\main\AndroidManifest.xml:421:9-428:20
	android:enabled
		ADDED from src\main\AndroidManifest.xml:423:17-57
	android:label
		ADDED from src\main\AndroidManifest.xml:422:17-65
	android:name
		ADDED from src\main\AndroidManifest.xml:421:19-61
activity#com.example.android.apis.app.FragmentReceiveResult
ADDED from src\main\AndroidManifest.xml:430:9-437:20
	android:enabled
		ADDED from src\main\AndroidManifest.xml:432:17-57
	android:label
		ADDED from src\main\AndroidManifest.xml:431:17-64
	android:name
		ADDED from src\main\AndroidManifest.xml:430:19-60
activity#com.example.android.apis.app.FragmentStack
ADDED from src\main\AndroidManifest.xml:439:9-446:20
	android:enabled
		ADDED from src\main\AndroidManifest.xml:441:17-57
	android:label
		ADDED from src\main\AndroidManifest.xml:440:17-55
	android:name
		ADDED from src\main\AndroidManifest.xml:439:19-52
activity#com.example.android.apis.app.FragmentTabs
ADDED from src\main\AndroidManifest.xml:448:9-455:20
	android:enabled
		ADDED from src\main\AndroidManifest.xml:450:17-57
	android:label
		ADDED from src\main\AndroidManifest.xml:449:17-54
	android:name
		ADDED from src\main\AndroidManifest.xml:448:19-51
activity#com.example.android.apis.app.LoaderCursor
ADDED from src\main\AndroidManifest.xml:459:9-466:20
	android:enabled
		ADDED from src\main\AndroidManifest.xml:461:17-57
	android:label
		ADDED from src\main\AndroidManifest.xml:460:17-54
	android:name
		ADDED from src\main\AndroidManifest.xml:459:19-51
activity#com.example.android.apis.app.LoaderCustom
ADDED from src\main\AndroidManifest.xml:468:9-475:20
	android:enabled
		ADDED from src\main\AndroidManifest.xml:470:17-57
	android:label
		ADDED from src\main\AndroidManifest.xml:469:17-54
	android:name
		ADDED from src\main\AndroidManifest.xml:468:19-51
activity#com.example.android.apis.app.LoaderThrottle
ADDED from src\main\AndroidManifest.xml:478:9-485:20
	android:enabled
		ADDED from src\main\AndroidManifest.xml:480:17-57
	android:label
		ADDED from src\main\AndroidManifest.xml:479:17-56
	android:name
		ADDED from src\main\AndroidManifest.xml:478:19-53
provider#com.example.android.apis.app.LoaderThrottle$SimpleProvider
ADDED from src\main\AndroidManifest.xml:486:9-488:62
	android:authorities
		ADDED from src\main\AndroidManifest.xml:487:19-84
	android:enabled
		ADDED from src\main\AndroidManifest.xml:488:19-59
	android:name
		ADDED from src\main\AndroidManifest.xml:486:19-68
activity#com.example.android.apis.app.LoaderRetained
ADDED from src\main\AndroidManifest.xml:491:9-498:20
	android:enabled
		ADDED from src\main\AndroidManifest.xml:493:17-57
	android:label
		ADDED from src\main\AndroidManifest.xml:492:17-56
	android:name
		ADDED from src\main\AndroidManifest.xml:491:19-53
activity#com.example.android.apis.app.Intents
ADDED from src\main\AndroidManifest.xml:502:9-507:20
	android:label
		ADDED from src\main\AndroidManifest.xml:502:47-87
	android:name
		ADDED from src\main\AndroidManifest.xml:502:19-46
activity#com.example.android.apis.app.IntentActivityFlags
ADDED from src\main\AndroidManifest.xml:509:9-515:20
	android:label
		ADDED from src\main\AndroidManifest.xml:510:17-71
	android:name
		ADDED from src\main\AndroidManifest.xml:509:19-58
service#com.example.android.apis.app.LocalService
ADDED from src\main\AndroidManifest.xml:519:9-81
	android:stopWithTask
		ADDED from src\main\AndroidManifest.xml:519:51-78
	android:name
		ADDED from src\main\AndroidManifest.xml:519:18-50
activity#com.example.android.apis.app.LocalServiceActivities$Controller
ADDED from src\main\AndroidManifest.xml:521:9-528:20
	android:label
		ADDED from src\main\AndroidManifest.xml:522:17-74
	android:launchMode
		ADDED from src\main\AndroidManifest.xml:523:17-47
	android:name
		ADDED from src\main\AndroidManifest.xml:521:19-72
activity#com.example.android.apis.app.LocalServiceActivities$Binding
ADDED from src\main\AndroidManifest.xml:530:9-536:20
	android:label
		ADDED from src\main\AndroidManifest.xml:531:17-71
	android:name
		ADDED from src\main\AndroidManifest.xml:530:19-69
service#com.example.android.apis.app.MessengerService
ADDED from src\main\AndroidManifest.xml:539:9-540:45
	android:process
		ADDED from src\main\AndroidManifest.xml:540:17-42
	android:name
		ADDED from src\main\AndroidManifest.xml:539:18-54
activity#com.example.android.apis.app.MessengerServiceActivities$Binding
ADDED from src\main\AndroidManifest.xml:543:9-549:20
	android:label
		ADDED from src\main\AndroidManifest.xml:544:17-75
	android:name
		ADDED from src\main\AndroidManifest.xml:543:19-73
service#com.example.android.apis.app.RemoteService
ADDED from src\main\AndroidManifest.xml:551:9-561:19
	android:process
		ADDED from src\main\AndroidManifest.xml:551:52-77
	android:name
		ADDED from src\main\AndroidManifest.xml:551:18-51
intent-filter#com.example.android.apis.app.IRemoteService+com.example.android.apis.app.ISecondary+com.example.android.apis.app.REMOTE_SERVICE
ADDED from src\main\AndroidManifest.xml:552:13-560:29
action#com.example.android.apis.app.IRemoteService
ADDED from src\main\AndroidManifest.xml:555:17-86
	android:name
		ADDED from src\main\AndroidManifest.xml:555:25-83
action#com.example.android.apis.app.ISecondary
ADDED from src\main\AndroidManifest.xml:556:17-82
	android:name
		ADDED from src\main\AndroidManifest.xml:556:25-79
action#com.example.android.apis.app.REMOTE_SERVICE
ADDED from src\main\AndroidManifest.xml:559:17-86
	android:name
		ADDED from src\main\AndroidManifest.xml:559:25-83
activity#com.example.android.apis.app.RemoteService$Controller
ADDED from src\main\AndroidManifest.xml:563:9-570:20
	android:label
		ADDED from src\main\AndroidManifest.xml:564:17-75
	android:launchMode
		ADDED from src\main\AndroidManifest.xml:565:17-47
	android:name
		ADDED from src\main\AndroidManifest.xml:563:19-63
activity#com.example.android.apis.app.RemoteService$Binding
ADDED from src\main\AndroidManifest.xml:572:9-578:20
	android:label
		ADDED from src\main\AndroidManifest.xml:573:17-72
	android:name
		ADDED from src\main\AndroidManifest.xml:572:19-60
activity#com.example.android.apis.app.RemoteService$BindingOptions
ADDED from src\main\AndroidManifest.xml:580:9-586:20
	android:label
		ADDED from src\main\AndroidManifest.xml:581:17-80
	android:name
		ADDED from src\main\AndroidManifest.xml:580:19-67
service#com.example.android.apis.app.ServiceStartArguments
ADDED from src\main\AndroidManifest.xml:588:9-62
	android:name
		ADDED from src\main\AndroidManifest.xml:588:18-59
activity#com.example.android.apis.app.ServiceStartArguments$Controller
ADDED from src\main\AndroidManifest.xml:590:9-597:20
	android:label
		ADDED from src\main\AndroidManifest.xml:591:17-84
	android:launchMode
		ADDED from src\main\AndroidManifest.xml:592:17-47
	android:name
		ADDED from src\main\AndroidManifest.xml:590:19-71
service#com.example.android.apis.app.ForegroundService
ADDED from src\main\AndroidManifest.xml:599:9-58
	android:name
		ADDED from src\main\AndroidManifest.xml:599:18-55
activity#com.example.android.apis.app.ForegroundService$Controller
ADDED from src\main\AndroidManifest.xml:601:9-608:20
	android:label
		ADDED from src\main\AndroidManifest.xml:602:17-79
	android:launchMode
		ADDED from src\main\AndroidManifest.xml:603:17-47
	android:name
		ADDED from src\main\AndroidManifest.xml:601:19-67
activity#com.example.android.apis.app.IsolatedService$Controller
ADDED from src\main\AndroidManifest.xml:610:9-618:20
	android:enabled
		ADDED from src\main\AndroidManifest.xml:613:17-57
	android:label
		ADDED from src\main\AndroidManifest.xml:611:17-77
	android:launchMode
		ADDED from src\main\AndroidManifest.xml:612:17-47
	android:name
		ADDED from src\main\AndroidManifest.xml:610:19-65
service#com.example.android.apis.app.IsolatedService
ADDED from src\main\AndroidManifest.xml:620:9-621:60
	android:enabled
		ADDED from src\main\AndroidManifest.xml:621:17-57
	android:isolatedProcess
		ADDED from src\main\AndroidManifest.xml:620:54-84
	android:name
		ADDED from src\main\AndroidManifest.xml:620:18-53
service#com.example.android.apis.app.IsolatedService2
ADDED from src\main\AndroidManifest.xml:622:9-623:60
	android:enabled
		ADDED from src\main\AndroidManifest.xml:623:17-57
	android:isolatedProcess
		ADDED from src\main\AndroidManifest.xml:622:55-85
	android:name
		ADDED from src\main\AndroidManifest.xml:622:18-54
receiver#com.example.android.apis.app.OneShotAlarm
ADDED from src\main\AndroidManifest.xml:627:9-80
	android:process
		ADDED from src\main\AndroidManifest.xml:627:52-77
	android:name
		ADDED from src\main\AndroidManifest.xml:627:19-51
receiver#com.example.android.apis.app.RepeatingAlarm
ADDED from src\main\AndroidManifest.xml:629:9-82
	android:process
		ADDED from src\main\AndroidManifest.xml:629:54-79
	android:name
		ADDED from src\main\AndroidManifest.xml:629:19-53
activity#com.example.android.apis.app.AlarmController
ADDED from src\main\AndroidManifest.xml:631:9-636:20
	android:label
		ADDED from src\main\AndroidManifest.xml:631:55-104
	android:name
		ADDED from src\main\AndroidManifest.xml:631:19-54
service#com.example.android.apis.app.AlarmService_Service
ADDED from src\main\AndroidManifest.xml:638:9-87
	android:process
		ADDED from src\main\AndroidManifest.xml:638:59-84
	android:name
		ADDED from src\main\AndroidManifest.xml:638:18-58
activity#com.example.android.apis.app.AlarmService
ADDED from src\main\AndroidManifest.xml:640:9-645:20
	android:label
		ADDED from src\main\AndroidManifest.xml:640:52-98
	android:name
		ADDED from src\main\AndroidManifest.xml:640:19-51
receiver#com.example.android.apis.app.DoNothing
ADDED from src\main\AndroidManifest.xml:649:9-650:68
	android:process
		ADDED from src\main\AndroidManifest.xml:650:17-41
	android:exported
		ADDED from src\main\AndroidManifest.xml:650:42-65
	android:name
		ADDED from src\main\AndroidManifest.xml:649:19-48
activity#com.example.android.apis.accessibility.ClockBackActivity
ADDED from src\main\AndroidManifest.xml:656:9-662:20
	android:label
		ADDED from src\main\AndroidManifest.xml:657:13-58
	android:name
		ADDED from src\main\AndroidManifest.xml:656:19-66
service#com.example.android.apis.accessibility.ClockBackService
ADDED from src\main\AndroidManifest.xml:664:9-670:19
	android:label
		ADDED from src\main\AndroidManifest.xml:665:13-64
	android:permission
		ADDED from src\main\AndroidManifest.xml:666:13-79
	android:name
		ADDED from src\main\AndroidManifest.xml:664:18-64
intent-filter#android.accessibilityservice.AccessibilityService